[debug] [2021-03-11T10:56:28.462Z] ----------------------------------------------------------------------
[debug] [2021-03-11T10:56:28.465Z] Command:       C:\Program Files\nodejs\node.exe C:\Users\B.S.PARK\AppData\Roaming\npm\node_modules\firebase-tools\lib\bin\firebase.js init
[debug] [2021-03-11T10:56:28.466Z] CLI Version:   9.6.0
[debug] [2021-03-11T10:56:28.466Z] Platform:      win32
[debug] [2021-03-11T10:56:28.466Z] Node Version:  v15.5.0
[debug] [2021-03-11T10:56:28.474Z] Time:          Thu Mar 11 2021 19:56:28 GMT+0900 (대한민국 표준시)
[debug] [2021-03-11T10:56:28.474Z] ----------------------------------------------------------------------
[debug] [2021-03-11T10:56:28.474Z] 
[debug] [2021-03-11T10:56:28.489Z] > command requires scopes: ["email","openid","https://www.googleapis.com/auth/cloudplatformprojects.readonly","https://www.googleapis.com/auth/firebase","https://www.googleapis.com/auth/cloud-platform"]
[debug] [2021-03-11T10:56:28.491Z] > authorizing via signed-in user
[info] 
     ######## #### ########  ######## ########     ###     ######  ########
     ##        ##  ##     ## ##       ##     ##  ##   ##  ##       ##
     ######    ##  ########  ######   ########  #########  ######  ######
     ##        ##  ##    ##  ##       ##     ## ##     ##       ## ##
     ##       #### ##     ## ######## ########  ##     ##  ######  ########

You're about to initialize a Firebase project in this directory:

  C:\Users\B.S.PARK\Documents\이세빈\portfolio

[info] 
=== Project Setup
[info] 
[info] First, let's associate this project directory with a Firebase project.
[info] You can create multiple project aliases by running firebase use --add, 
[info] but for now we'll just set up a default project.
[info] 
[debug] [2021-03-11T10:56:58.121Z] > refreshing access token with scopes: []
[debug] [2021-03-11T10:56:58.121Z] >>> HTTP REQUEST POST https://www.googleapis.com/oauth2/v3/token  
 <request body omitted>
[debug] [2021-03-11T10:56:58.477Z] <<< HTTP RESPONSE 200 {"expires":"Mon, 01 Jan 1990 00:00:00 GMT","date":"Thu, 11 Mar 2021 10:56:58 GMT","cache-control":"no-cache, no-store, max-age=0, must-revalidate","pragma":"no-cache","content-type":"application/json; charset=utf-8","vary":"X-Origin, Referer, Origin,Accept-Encoding","server":"scaffolding on HTTPServer2","x-xss-protection":"0","x-frame-options":"SAMEORIGIN","x-content-type-options":"nosniff","alt-svc":"h3-29=\":443\"; ma=2592000,h3-T051=\":443\"; ma=2592000,h3-Q050=\":443\"; ma=2592000,h3-Q046=\":443\"; ma=2592000,h3-Q043=\":443\"; ma=2592000,quic=\":443\"; ma=2592000; v=\"46,43\"","accept-ranges":"none","transfer-encoding":"chunked"}
[debug] [2021-03-11T10:56:58.500Z] >>> [apiv2][query] GET https://firebase.googleapis.com/v1beta1/projects pageSize=100
[debug] [2021-03-11T10:56:59.199Z] <<< [apiv2][status] GET https://firebase.googleapis.com/v1beta1/projects 200
[debug] [2021-03-11T10:56:59.199Z] <<< [apiv2][body] GET https://firebase.googleapis.com/v1beta1/projects [omitted]
